LiteLoc(
  (norm): BatchNorm2d(1, eps=1e-05, momentum=0.1, affine=True, track_running_stats=True)
  (layer0): Conv2DReLUBN(
    (conv): Conv2d(1, 64, kernel_size=(3, 3), stride=(1, 1), padding=(1, 1))
    (lrelu): ReLU()
    (bn): BatchNorm2d(64, eps=1e-05, momentum=0.1, affine=True, track_running_stats=True)
  )
  (pool1): MaxPool2d(kernel_size=2, stride=2, padding=0, dilation=1, ceil_mode=False)
  (layer1): Conv2DReLUBN(
    (conv): Conv2d(64, 64, kernel_size=(3, 3), stride=(1, 1), padding=(1, 1))
    (lrelu): ReLU()
    (bn): BatchNorm2d(64, eps=1e-05, momentum=0.1, affine=True, track_running_stats=True)
  )
  (layer2): Conv2DReLUBN(
    (conv): Conv2d(128, 64, kernel_size=(3, 3), stride=(1, 1), padding=(1, 1))
    (lrelu): ReLU()
    (bn): BatchNorm2d(64, eps=1e-05, momentum=0.1, affine=True, track_running_stats=True)
  )
  (layer3): Conv2DReLUBN(
    (conv): Conv2d(128, 64, kernel_size=(3, 3), stride=(1, 1), padding=(1, 1))
    (lrelu): ReLU()
    (bn): BatchNorm2d(64, eps=1e-05, momentum=0.1, affine=True, track_running_stats=True)
  )
  (layer30): Conv2DReLUBN(
    (conv): Conv2d(256, 64, kernel_size=(3, 3), stride=(1, 1), padding=(1, 1))
    (lrelu): ReLU()
    (bn): BatchNorm2d(64, eps=1e-05, momentum=0.1, affine=True, track_running_stats=True)
  )
  (layer4): Conv2DReLUBN(
    (conv): Conv2d(128, 64, kernel_size=(3, 3), stride=(1, 1), padding=(2, 2), dilation=(2, 2))
    (lrelu): ReLU()
    (bn): BatchNorm2d(64, eps=1e-05, momentum=0.1, affine=True, track_running_stats=True)
  )
  (layer5): Conv2DReLUBN(
    (conv): Conv2d(128, 64, kernel_size=(3, 3), stride=(1, 1), padding=(4, 4), dilation=(4, 4))
    (lrelu): ReLU()
    (bn): BatchNorm2d(64, eps=1e-05, momentum=0.1, affine=True, track_running_stats=True)
  )
  (layer6): Conv2DReLUBN(
    (conv): Conv2d(128, 64, kernel_size=(3, 3), stride=(1, 1), padding=(8, 8), dilation=(8, 8))
    (lrelu): ReLU()
    (bn): BatchNorm2d(64, eps=1e-05, momentum=0.1, affine=True, track_running_stats=True)
  )
  (layer7): Conv2DReLUBN(
    (conv): Conv2d(128, 64, kernel_size=(3, 3), stride=(1, 1), padding=(16, 16), dilation=(16, 16))
    (lrelu): ReLU()
    (bn): BatchNorm2d(64, eps=1e-05, momentum=0.1, affine=True, track_running_stats=True)
  )
  (deconv1): Conv2DReLUBN(
    (conv): Conv2d(128, 64, kernel_size=(3, 3), stride=(1, 1), padding=(1, 1))
    (lrelu): ReLU()
    (bn): BatchNorm2d(64, eps=1e-05, momentum=0.1, affine=True, track_running_stats=True)
  )
  (layerU1): Conv2DReLUBN(
    (conv): Conv2d(64, 64, kernel_size=(3, 3), stride=(1, 1), padding=(1, 1))
    (lrelu): ReLU()
    (bn): BatchNorm2d(64, eps=1e-05, momentum=0.1, affine=True, track_running_stats=True)
  )
  (layerU2): Conv2DReLUBN(
    (conv): Conv2d(64, 128, kernel_size=(3, 3), stride=(1, 1), padding=(1, 1))
    (lrelu): ReLU()
    (bn): BatchNorm2d(128, eps=1e-05, momentum=0.1, affine=True, track_running_stats=True)
  )
  (layerU3): Conv2DReLUBN(
    (conv): Conv2d(128, 128, kernel_size=(3, 3), stride=(1, 1), padding=(1, 1))
    (lrelu): ReLU()
    (bn): BatchNorm2d(128, eps=1e-05, momentum=0.1, affine=True, track_running_stats=True)
  )
  (layerD3): Conv2DReLUBN(
    (conv): Conv2d(128, 64, kernel_size=(3, 3), stride=(1, 1), padding=(1, 1))
    (lrelu): ReLU()
    (bn): BatchNorm2d(64, eps=1e-05, momentum=0.1, affine=True, track_running_stats=True)
  )
  (layerD2): Conv2DReLUBN(
    (conv): Conv2d(128, 64, kernel_size=(3, 3), stride=(1, 1), padding=(1, 1))
    (lrelu): ReLU()
    (bn): BatchNorm2d(64, eps=1e-05, momentum=0.1, affine=True, track_running_stats=True)
  )
  (layerD1): Conv2DReLUBN(
    (conv): Conv2d(64, 64, kernel_size=(3, 3), stride=(1, 1), padding=(1, 1))
    (lrelu): ReLU()
    (bn): BatchNorm2d(64, eps=1e-05, momentum=0.1, affine=True, track_running_stats=True)
  )
  (layerD0): Conv2DReLUBN(
    (conv): Conv2d(64, 64, kernel_size=(3, 3), stride=(1, 1), padding=(1, 1))
    (lrelu): ReLU()
    (bn): BatchNorm2d(64, eps=1e-05, momentum=0.1, affine=True, track_running_stats=True)
  )
  (layerD00): Conv2DReLUBN(
    (conv): Conv2d(64, 64, kernel_size=(3, 3), stride=(1, 1), padding=(1, 1))
    (lrelu): ReLU()
    (bn): BatchNorm2d(64, eps=1e-05, momentum=0.1, affine=True, track_running_stats=True)
  )
  (pool): AvgPool2d(kernel_size=2, stride=2, padding=0)
  (pred): Outnet(
    (p_out): Conv2d(64, 64, kernel_size=(3, 3), stride=(1, 1), padding=(1, 1))
    (xyzi_out): Conv2d(64, 64, kernel_size=(3, 3), stride=(1, 1), padding=(1, 1))
    (p_out1): Conv2d(64, 1, kernel_size=(1, 1), stride=(1, 1))
    (xyzi_out1): Conv2d(64, 4, kernel_size=(1, 1), stride=(1, 1))
    (xyzis_out1): Conv2d(64, 64, kernel_size=(3, 3), stride=(1, 1), padding=(1, 1))
    (xyzis_out2): Conv2d(64, 4, kernel_size=(1, 1), stride=(1, 1))
  )
)
number of parameters:  1332299
[INFO] Register count_normalization() for <class 'torch.nn.modules.batchnorm.BatchNorm2d'>.
[INFO] Register count_convNd() for <class 'torch.nn.modules.conv.Conv2d'>.
[INFO] Register zero_ops() for <class 'torch.nn.modules.activation.ReLU'>.
[INFO] Register zero_ops() for <class 'torch.nn.modules.pooling.MaxPool2d'>.
[INFO] Register count_avgpool() for <class 'torch.nn.modules.pooling.AvgPool2d'>.
Params:1.332M, MACs:771.817M, (input shape:torch.Size([1, 1, 128, 128]))
start training!
Epoch1/50
after FOV and border segmentation,truth: 997 ,preds: 796
Recall: 0.736
Precision: 0.922
Jaccard: 69.311
RMSE_lat: 32.532
RMSE_ax: 205.011
RMSE_vol: 210.110
Jaccard/RMSE: 2.131
Eff_lat: 55.277
Eff_ax: -7.001
Eff_3d: 24.138
FN: 263.0 FP: 62.0
 || Cost: 220.167 || BatchNr.: 500 || Time Upd.: 367.8 ms 
Epoch2/50
after FOV and border segmentation,truth: 997 ,preds: 881
Recall: 0.842
Precision: 0.952
Jaccard: 80.751
RMSE_lat: 27.928
RMSE_ax: 155.013
RMSE_vol: 159.966
Jaccard/RMSE: 2.891
Eff_lat: 66.081
Eff_ax: 20.139
Eff_3d: 43.110
FN: 158.0 FP: 42.0
 || Cost: 161.930 || BatchNr.: 1000 || Time Upd.: 367.9 ms 
Epoch3/50
after FOV and border segmentation,truth: 997 ,preds: 889
Recall: 0.845
Precision: 0.947
Jaccard: 80.651
RMSE_lat: 23.967
RMSE_ax: 118.932
RMSE_vol: 123.668
Jaccard/RMSE: 3.365
Eff_lat: 69.197
Eff_ax: 37.465
Eff_3d: 53.331
FN: 155.0 FP: 47.0
 || Cost: 132.432 || BatchNr.: 1500 || Time Upd.: 366.0 ms 
Epoch4/50
after FOV and border segmentation,truth: 997 ,preds: 901
Recall: 0.866
Precision: 0.958
Jaccard: 83.382
RMSE_lat: 22.526
RMSE_ax: 104.090
RMSE_vol: 108.856
Jaccard/RMSE: 3.702
Eff_lat: 72.007
Eff_ax: 45.366
Eff_3d: 58.687
FN: 134.0 FP: 38.0
 || Cost: 124.526 || BatchNr.: 2000 || Time Upd.: 365.6 ms 
Epoch5/50
after FOV and border segmentation,truth: 997 ,preds: 930
Recall: 0.881
Precision: 0.944
Jaccard: 83.699
RMSE_lat: 23.493
RMSE_ax: 88.804
RMSE_vol: 94.816
Jaccard/RMSE: 3.563
Eff_lat: 71.405
Eff_ax: 52.700
Eff_3d: 62.053
FN: 119.0 FP: 52.0
 || Cost: 117.379 || BatchNr.: 2500 || Time Upd.: 364.5 ms 
Epoch6/50
after FOV and border segmentation,truth: 997 ,preds: 953
Recall: 0.897
Precision: 0.938
Jaccard: 84.659
RMSE_lat: 23.763
RMSE_ax: 78.864
RMSE_vol: 85.726
Jaccard/RMSE: 3.563
Eff_lat: 71.715
Eff_ax: 57.689
Eff_3d: 64.702
FN: 103.0 FP: 59.0
 || Cost: 112.370 || BatchNr.: 3000 || Time Upd.: 364.4 ms 
Epoch7/50
after FOV and border segmentation,truth: 997 ,preds: 916
Recall: 0.883
Precision: 0.961
Jaccard: 85.189
RMSE_lat: 21.265
RMSE_ax: 80.133
RMSE_vol: 85.590
Jaccard/RMSE: 4.006
Eff_lat: 74.086
Eff_ax: 57.284
Eff_3d: 65.685
FN: 117.0 FP: 36.0
 || Cost: 108.558 || BatchNr.: 3500 || Time Upd.: 345.7 ms 
Epoch8/50
after FOV and border segmentation,truth: 997 ,preds: 912
Recall: 0.883
Precision: 0.965
Jaccard: 85.520
RMSE_lat: 20.852
RMSE_ax: 72.899
RMSE_vol: 78.638
Jaccard/RMSE: 4.101
Eff_lat: 74.613
Eff_ax: 60.779
Eff_3d: 67.696
FN: 117.0 FP: 32.0
 || Cost: 105.901 || BatchNr.: 4000 || Time Upd.: 316.0 ms 
Epoch9/50
after FOV and border segmentation,truth: 997 ,preds: 925
Recall: 0.898
Precision: 0.968
Jaccard: 87.147
RMSE_lat: 22.270
RMSE_ax: 65.780
RMSE_vol: 72.931
Jaccard/RMSE: 3.913
Eff_lat: 74.287
Eff_ax: 64.688
Eff_3d: 69.487
FN: 102.0 FP: 30.0
 || Cost: 102.407 || BatchNr.: 4500 || Time Upd.: 353.3 ms 
Epoch10/50
after FOV and border segmentation,truth: 997 ,preds: 919
Recall: 0.895
Precision: 0.971
Jaccard: 87.109
RMSE_lat: 22.385
RMSE_ax: 69.295
RMSE_vol: 76.183
Jaccard/RMSE: 3.892
Eff_lat: 74.169
Eff_ax: 63.032
Eff_3d: 68.601
FN: 105.0 FP: 27.0
 || Cost: 101.125 || BatchNr.: 5000 || Time Upd.: 373.3 ms 
Epoch11/50
after FOV and border segmentation,truth: 997 ,preds: 919
Recall: 0.895
Precision: 0.971
Jaccard: 87.109
RMSE_lat: 20.450
RMSE_ax: 64.771
RMSE_vol: 70.934
Jaccard/RMSE: 4.260
Eff_lat: 75.826
Eff_ax: 65.143
Eff_3d: 70.485
FN: 105.0 FP: 27.0
 || Cost: 98.477 || BatchNr.: 5500 || Time Upd.: 367.8 ms 
Epoch12/50
after FOV and border segmentation,truth: 997 ,preds: 937
Recall: 0.907
Precision: 0.965
Jaccard: 87.767
RMSE_lat: 21.320
RMSE_ax: 60.550
RMSE_vol: 67.642
Jaccard/RMSE: 4.117
Eff_lat: 75.419
Eff_ax: 67.347
Eff_3d: 71.383
FN: 93.0 FP: 33.0
 || Cost: 97.013 || BatchNr.: 6000 || Time Upd.: 367.8 ms 
Epoch13/50
after FOV and border segmentation,truth: 997 ,preds: 938
Recall: 0.912
Precision: 0.969
Jaccard: 88.596
RMSE_lat: 22.982
RMSE_ax: 63.721
RMSE_vol: 71.531
Jaccard/RMSE: 3.855
Eff_lat: 74.345
Eff_ax: 66.160
Eff_3d: 70.253
FN: 88.0 FP: 29.0
 || Cost: 93.858 || BatchNr.: 6500 || Time Upd.: 367.7 ms 
Epoch14/50
after FOV and border segmentation,truth: 997 ,preds: 928
Recall: 0.896
Precision: 0.962
Jaccard: 86.531
RMSE_lat: 20.861
RMSE_ax: 61.949
RMSE_vol: 68.615
Jaccard/RMSE: 4.148
Eff_lat: 75.169
Eff_ax: 66.224
Eff_3d: 70.696
FN: 104.0 FP: 35.0
 || Cost: 94.461 || BatchNr.: 7000 || Time Upd.: 367.5 ms 
Epoch15/50
after FOV and border segmentation,truth: 997 ,preds: 927
Recall: 0.912
Precision: 0.981
Jaccard: 89.557
RMSE_lat: 21.908
RMSE_ax: 60.103
RMSE_vol: 67.618
Jaccard/RMSE: 4.088
Eff_lat: 75.730
Eff_ax: 68.186
Eff_3d: 71.958
FN: 88.0 FP: 18.0
 || Cost: 92.805 || BatchNr.: 7500 || Time Upd.: 368.1 ms 
Epoch16/50
after FOV and border segmentation,truth: 997 ,preds: 930
Recall: 0.901
Precision: 0.966
Jaccard: 87.269
RMSE_lat: 20.581
RMSE_ax: 57.659
RMSE_vol: 64.589
Jaccard/RMSE: 4.240
Eff_lat: 75.800
Eff_ax: 68.484
Eff_3d: 72.142
FN: 99.0 FP: 32.0
 || Cost: 91.416 || BatchNr.: 8000 || Time Upd.: 367.4 ms 
Epoch17/50
after FOV and border segmentation,truth: 997 ,preds: 927
Recall: 0.910
Precision: 0.978
Jaccard: 89.184
RMSE_lat: 21.117
RMSE_ax: 60.712
RMSE_vol: 67.659
Jaccard/RMSE: 4.223
Eff_lat: 76.274
Eff_ax: 67.775
Eff_3d: 72.024
FN: 90.0 FP: 20.0
 || Cost: 90.221 || BatchNr.: 8500 || Time Upd.: 370.2 ms 
Epoch18/50
after FOV and border segmentation,truth: 997 ,preds: 942
Recall: 0.919
Precision: 0.972
Jaccard: 89.541
RMSE_lat: 22.700
RMSE_ax: 59.814
RMSE_vol: 67.884
Jaccard/RMSE: 3.945
Eff_lat: 75.006
Eff_ax: 68.317
Eff_3d: 71.661
FN: 81.0 FP: 26.0
 || Cost: 90.098 || BatchNr.: 9000 || Time Upd.: 367.3 ms 
Epoch19/50
after FOV and border segmentation,truth: 997 ,preds: 945
Recall: 0.911
Precision: 0.961
Jaccard: 87.814
RMSE_lat: 21.445
RMSE_ax: 58.498
RMSE_vol: 65.893
Jaccard/RMSE: 4.095
Eff_lat: 75.334
Eff_ax: 68.314
Eff_3d: 71.824
FN: 89.0 FP: 37.0
 || Cost: 88.637 || BatchNr.: 9500 || Time Upd.: 366.8 ms 
Epoch20/50
after FOV and border segmentation,truth: 997 ,preds: 928
Recall: 0.910
Precision: 0.977
Jaccard: 89.096
RMSE_lat: 22.137
RMSE_ax: 59.532
RMSE_vol: 67.262
Jaccard/RMSE: 4.025
Eff_lat: 75.324
Eff_ax: 68.300
Eff_3d: 71.812
FN: 90.0 FP: 21.0
 || Cost: 88.522 || BatchNr.: 10000 || Time Upd.: 366.1 ms 
Epoch21/50
after FOV and border segmentation,truth: 997 ,preds: 926
Recall: 0.906
Precision: 0.975
Jaccard: 88.529
RMSE_lat: 19.701
RMSE_ax: 57.912
RMSE_vol: 64.266
Jaccard/RMSE: 4.494
Eff_lat: 77.203
Eff_ax: 68.855
Eff_3d: 73.029
FN: 94.0 FP: 23.0
 || Cost: 87.760 || BatchNr.: 10500 || Time Upd.: 366.5 ms 
Epoch22/50
after FOV and border segmentation,truth: 997 ,preds: 946
Recall: 0.914
Precision: 0.963
Jaccard: 88.275
RMSE_lat: 21.328
RMSE_ax: 60.496
RMSE_vol: 67.598
Jaccard/RMSE: 4.139
Eff_lat: 75.662
Eff_ax: 67.559
Eff_3d: 71.611
FN: 86.0 FP: 35.0
 || Cost: 87.569 || BatchNr.: 11000 || Time Upd.: 366.4 ms 
Epoch23/50
after FOV and border segmentation,truth: 997 ,preds: 926
Recall: 0.906
Precision: 0.975
Jaccard: 88.529
RMSE_lat: 20.210
RMSE_ax: 57.173
RMSE_vol: 63.919
Jaccard/RMSE: 4.381
Eff_lat: 76.762
Eff_ax: 69.198
Eff_3d: 72.980
FN: 94.0 FP: 23.0
 || Cost: 86.186 || BatchNr.: 11500 || Time Upd.: 365.8 ms 
Epoch24/50
after FOV and border segmentation,truth: 997 ,preds: 944
Recall: 0.919
Precision: 0.970
Jaccard: 89.366
RMSE_lat: 20.801
RMSE_ax: 55.431
RMSE_vol: 62.753
Jaccard/RMSE: 4.296
Eff_lat: 76.638
Eff_ax: 70.314
Eff_3d: 73.476
FN: 81.0 FP: 28.0
 || Cost: 86.585 || BatchNr.: 12000 || Time Upd.: 366.2 ms 
Epoch25/50
after FOV and border segmentation,truth: 997 ,preds: 940
Recall: 0.917
Precision: 0.972
Jaccard: 89.345
RMSE_lat: 21.164
RMSE_ax: 52.473
RMSE_vol: 60.410
Jaccard/RMSE: 4.221
Eff_lat: 76.305
Eff_ax: 71.682
Eff_3d: 73.994
FN: 83.0 FP: 26.0
 || Cost: 85.951 || BatchNr.: 12500 || Time Upd.: 366.8 ms 
Epoch26/50
after FOV and border segmentation,truth: 997 ,preds: 942
Recall: 0.911
Precision: 0.964
Jaccard: 88.070
RMSE_lat: 21.585
RMSE_ax: 59.916
RMSE_vol: 67.244
Jaccard/RMSE: 4.080
Eff_lat: 75.337
Eff_ax: 67.754
Eff_3d: 71.545
FN: 89.0 FP: 34.0
 || Cost: 85.048 || BatchNr.: 13000 || Time Upd.: 369.1 ms 
Epoch27/50
after FOV and border segmentation,truth: 997 ,preds: 934
Recall: 0.913
Precision: 0.974
Jaccard: 89.128
RMSE_lat: 20.087
RMSE_ax: 54.245
RMSE_vol: 61.233
Jaccard/RMSE: 4.437
Eff_lat: 77.160
Eff_ax: 70.780
Eff_3d: 73.970
FN: 87.0 FP: 24.0
 || Cost: 85.548 || BatchNr.: 13500 || Time Upd.: 367.4 ms 
Epoch28/50
after FOV and border segmentation,truth: 997 ,preds: 937
Recall: 0.914
Precision: 0.972
Jaccard: 89.052
RMSE_lat: 20.694
RMSE_ax: 58.716
RMSE_vol: 65.605
Jaccard/RMSE: 4.303
Eff_lat: 76.588
Eff_ax: 68.667
Eff_3d: 72.628
FN: 86.0 FP: 26.0
 || Cost: 84.777 || BatchNr.: 14000 || Time Upd.: 366.4 ms 
Epoch29/50
after FOV and border segmentation,truth: 997 ,preds: 928
Recall: 0.908
Precision: 0.975
Jaccard: 88.725
RMSE_lat: 21.364
RMSE_ax: 58.883
RMSE_vol: 66.182
Jaccard/RMSE: 4.153
Eff_lat: 75.843
Eff_ax: 68.473
Eff_3d: 72.158
FN: 92.0 FP: 23.0
 || Cost: 85.066 || BatchNr.: 14500 || Time Upd.: 366.3 ms 
Epoch30/50
after FOV and border segmentation,truth: 997 ,preds: 948
Recall: 0.914
Precision: 0.961
Jaccard: 88.104
RMSE_lat: 21.024
RMSE_ax: 52.496
RMSE_vol: 60.332
Jaccard/RMSE: 4.191
Eff_lat: 75.844
Eff_ax: 71.182
Eff_3d: 73.513
FN: 86.0 FP: 37.0
 || Cost: 83.966 || BatchNr.: 15000 || Time Upd.: 367.8 ms 
Epoch31/50
after FOV and border segmentation,truth: 997 ,preds: 944
Recall: 0.922
Precision: 0.974
Jaccard: 89.922
RMSE_lat: 22.051
RMSE_ax: 58.393
RMSE_vol: 66.198
Jaccard/RMSE: 4.078
Eff_lat: 75.755
Eff_ax: 69.113
Eff_3d: 72.434
FN: 78.0 FP: 25.0
 || Cost: 84.260 || BatchNr.: 15500 || Time Upd.: 367.9 ms 
Epoch32/50
after FOV and border segmentation,truth: 997 ,preds: 944
Recall: 0.913
Precision: 0.964
Jaccard: 88.264
RMSE_lat: 18.534
RMSE_ax: 54.225
RMSE_vol: 60.228
Jaccard/RMSE: 4.762
Eff_lat: 78.062
Eff_ax: 70.456
Eff_3d: 74.259
FN: 87.0 FP: 34.0
 || Cost: 84.683 || BatchNr.: 16000 || Time Upd.: 367.5 ms 
Epoch33/50
after FOV and border segmentation,truth: 997 ,preds: 948
Recall: 0.916
Precision: 0.963
Jaccard: 88.469
RMSE_lat: 21.334
RMSE_ax: 58.102
RMSE_vol: 65.469
Jaccard/RMSE: 4.147
Eff_lat: 75.749
Eff_ax: 68.744
Eff_3d: 72.246
FN: 84.0 FP: 35.0
 || Cost: 83.306 || BatchNr.: 16500 || Time Upd.: 366.5 ms 
Epoch34/50
after FOV and border segmentation,truth: 997 ,preds: 945
Recall: 0.918
Precision: 0.968
Jaccard: 89.094
RMSE_lat: 21.643
RMSE_ax: 59.517
RMSE_vol: 66.927
Jaccard/RMSE: 4.116
Eff_lat: 75.764
Eff_ax: 68.306
Eff_3d: 72.035
FN: 82.0 FP: 30.0
 || Cost: 83.685 || BatchNr.: 17000 || Time Upd.: 366.1 ms 
Epoch35/50
after FOV and border segmentation,truth: 997 ,preds: 945
Recall: 0.920
Precision: 0.970
Jaccard: 89.463
RMSE_lat: 21.108
RMSE_ax: 58.017
RMSE_vol: 65.246
Jaccard/RMSE: 4.238
Eff_lat: 76.408
Eff_ax: 69.137
Eff_3d: 72.773
FN: 80.0 FP: 28.0
 || Cost: 83.229 || BatchNr.: 17500 || Time Upd.: 365.3 ms 
Epoch36/50
after FOV and border segmentation,truth: 997 ,preds: 940
Recall: 0.919
Precision: 0.974
Jaccard: 89.716
RMSE_lat: 23.394
RMSE_ax: 60.215
RMSE_vol: 68.705
Jaccard/RMSE: 3.835
Eff_lat: 74.445
Eff_ax: 68.185
Eff_3d: 71.315
FN: 81.0 FP: 24.0
 || Cost: 82.632 || BatchNr.: 18000 || Time Upd.: 365.5 ms 
Epoch37/50
after FOV and border segmentation,truth: 997 ,preds: 941
Recall: 0.909
Precision: 0.963
Jaccard: 87.791
RMSE_lat: 20.570
RMSE_ax: 53.198
RMSE_vol: 60.632
Jaccard/RMSE: 4.268
Eff_lat: 76.080
Eff_ax: 70.733
Eff_3d: 73.406
FN: 91.0 FP: 35.0
 || Cost: 82.733 || BatchNr.: 18500 || Time Upd.: 368.5 ms 
Epoch38/50
after FOV and border segmentation,truth: 997 ,preds: 940
Recall: 0.913
Precision: 0.968
Jaccard: 88.608
RMSE_lat: 19.731
RMSE_ax: 54.199
RMSE_vol: 60.960
Jaccard/RMSE: 4.491
Eff_lat: 77.217
Eff_ax: 70.603
Eff_3d: 73.910
FN: 87.0 FP: 30.0
 || Cost: 82.634 || BatchNr.: 19000 || Time Upd.: 367.7 ms 
Epoch39/50
after FOV and border segmentation,truth: 997 ,preds: 929
Recall: 0.910
Precision: 0.976
Jaccard: 89.009
RMSE_lat: 20.105
RMSE_ax: 50.643
RMSE_vol: 58.079
Jaccard/RMSE: 4.427
Eff_lat: 77.087
Eff_ax: 72.396
Eff_3d: 74.741
FN: 90.0 FP: 22.0
 || Cost: 82.121 || BatchNr.: 19500 || Time Upd.: 368.2 ms 
Epoch40/50
after FOV and border segmentation,truth: 997 ,preds: 934
Recall: 0.917
Precision: 0.979
Jaccard: 89.872
RMSE_lat: 21.689
RMSE_ax: 58.953
RMSE_vol: 66.455
Jaccard/RMSE: 4.144
Eff_lat: 76.063
Eff_ax: 68.832
Eff_3d: 72.448
FN: 83.0 FP: 20.0
 || Cost: 82.541 || BatchNr.: 20000 || Time Upd.: 367.8 ms 
Epoch41/50
after FOV and border segmentation,truth: 997 ,preds: 944
Recall: 0.915
Precision: 0.966
Jaccard: 88.630
RMSE_lat: 21.259
RMSE_ax: 55.036
RMSE_vol: 62.712
Jaccard/RMSE: 4.169
Eff_lat: 75.891
Eff_ax: 70.225
Eff_3d: 73.058
FN: 85.0 FP: 32.0
 || Cost: 82.668 || BatchNr.: 20500 || Time Upd.: 368.1 ms 
Epoch42/50
after FOV and border segmentation,truth: 997 ,preds: 946
Recall: 0.923
Precision: 0.973
Jaccard: 89.932
RMSE_lat: 19.649
RMSE_ax: 59.329
RMSE_vol: 65.514
Jaccard/RMSE: 4.577
Eff_lat: 77.922
Eff_ax: 68.673
Eff_3d: 73.298
FN: 77.0 FP: 26.0
 || Cost: 82.558 || BatchNr.: 21000 || Time Upd.: 367.9 ms 
Epoch43/50
after FOV and border segmentation,truth: 997 ,preds: 933
Recall: 0.912
Precision: 0.974
Jaccard: 89.030
RMSE_lat: 19.460
RMSE_ax: 53.736
RMSE_vol: 60.374
Jaccard/RMSE: 4.575
Eff_lat: 77.661
Eff_ax: 70.979
Eff_3d: 74.320
FN: 88.0 FP: 24.0
 || Cost: 82.497 || BatchNr.: 21500 || Time Upd.: 367.5 ms 
Epoch44/50
after FOV and border segmentation,truth: 997 ,preds: 941
Recall: 0.921
Precision: 0.976
Jaccard: 90.000
RMSE_lat: 20.004
RMSE_ax: 59.355
RMSE_vol: 65.752
Jaccard/RMSE: 4.499
Eff_lat: 77.636
Eff_ax: 68.683
Eff_3d: 73.159
FN: 79.0 FP: 23.0
 || Cost: 81.983 || BatchNr.: 22000 || Time Upd.: 367.1 ms 
Epoch45/50
after FOV and border segmentation,truth: 997 ,preds: 948
Recall: 0.917
Precision: 0.964
Jaccard: 88.652
RMSE_lat: 22.077
RMSE_ax: 57.858
RMSE_vol: 65.745
Jaccard/RMSE: 4.016
Eff_lat: 75.177
Eff_ax: 68.925
Eff_3d: 72.051
FN: 83.0 FP: 34.0
 || Cost: 81.901 || BatchNr.: 22500 || Time Upd.: 368.1 ms 
Epoch46/50
after FOV and border segmentation,truth: 997 ,preds: 940
Recall: 0.915
Precision: 0.970
Jaccard: 88.976
RMSE_lat: 19.718
RMSE_ax: 52.327
RMSE_vol: 59.294
Jaccard/RMSE: 4.512
Eff_lat: 77.409
Eff_ax: 71.609
Eff_3d: 74.509
FN: 85.0 FP: 28.0
 || Cost: 82.473 || BatchNr.: 23000 || Time Upd.: 368.1 ms 
Epoch47/50
after FOV and border segmentation,truth: 997 ,preds: 938
Recall: 0.913
Precision: 0.970
Jaccard: 88.780
RMSE_lat: 19.991
RMSE_ax: 56.827
RMSE_vol: 63.471
Jaccard/RMSE: 4.441
Eff_lat: 77.076
Eff_ax: 69.452
Eff_3d: 73.264
FN: 87.0 FP: 28.0
 || Cost: 82.042 || BatchNr.: 23500 || Time Upd.: 366.3 ms 
Epoch48/50
after FOV and border segmentation,truth: 997 ,preds: 935
Recall: 0.915
Precision: 0.975
Jaccard: 89.412
RMSE_lat: 20.485
RMSE_ax: 54.866
RMSE_vol: 62.045
Jaccard/RMSE: 4.365
Eff_lat: 76.940
Eff_ax: 70.594
Eff_3d: 73.767
FN: 85.0 FP: 23.0
 || Cost: 82.533 || BatchNr.: 24000 || Time Upd.: 366.9 ms 
Epoch49/50
after FOV and border segmentation,truth: 997 ,preds: 945
Recall: 0.917
Precision: 0.967
Jaccard: 88.910
RMSE_lat: 18.935
RMSE_ax: 55.756
RMSE_vol: 61.853
Jaccard/RMSE: 4.696
Eff_lat: 78.057
Eff_ax: 69.998
Eff_3d: 74.027
FN: 83.0 FP: 31.0
 || Cost: 81.545 || BatchNr.: 24500 || Time Upd.: 366.7 ms 
Epoch50/50
after FOV and border segmentation,truth: 997 ,preds: 934
Recall: 0.915
Precision: 0.976
Jaccard: 89.499
RMSE_lat: 20.114
RMSE_ax: 56.271
RMSE_vol: 63.053
Jaccard/RMSE: 4.450
Eff_lat: 77.310
Eff_ax: 69.969
Eff_3d: 73.639
FN: 85.0 FP: 22.0
 || Cost: 82.253 || BatchNr.: 25000 || Time Upd.: 366.9 ms 
training finished!
